# JRE version: OpenJDK Runtime Environment Temurin-17.0.12+7 (17.0.12+7) (build 17.0.12+7)
# Java VM: OpenJDK 64-Bit Server VM Temurin-17.0.12+7 (17.0.12+7, mixed mode, emulated-client, tiered, compressed oops, compressed class ptrs, g1 gc, windows-amd64)
GC Precious Log:
 CPUs: 4 total, 4 available
 Memory: 8173M
 Large Page Support: Disabled
 NUMA Support: Disabled
 Compressed Oops: Enabled (32-bit)
 Heap Region Size: 1M
 Heap Min Capacity: 8M
 Heap Initial Capacity: 128M
 Heap Max Capacity: 1G
 Pre-touch: Disabled
 Parallel Workers: 4
 Concurrent Workers: 1
 Concurrent Refinement Workers: 4
 Periodic GC: Disabled
Heap:
 garbage-first heap   total 78848K, used 25705K [0x00000000c0000000, 0x0000000100000000)
  region size 1024K, 1 young (1024K), 0 survivors (0K)
 Metaspace       used 41504K, committed 42048K, reserved 1114112K
  class space    used 5319K, committed 5504K, reserved 1048576K
GC Heap History (20 events):
Event: 6143.126 GC heap after
{Heap after GC invocations=554 (full 544):
 garbage-first heap   total 78848K, used 25705K [0x00000000c0000000, 0x0000000100000000)
  region size 1024K, 0 young (0K), 0 survivors (0K)
 Metaspace       used 41504K, committed 42048K, reserved 1114112K
  class space    used 5319K, committed 5504K, reserved 1048576K
}
Event: 6154.127 GC heap before
{Heap before GC invocations=554 (full 544):
 garbage-first heap   total 78848K, used 25705K [0x00000000c0000000, 0x0000000100000000)
  region size 1024K, 1 young (1024K), 0 survivors (0K)
 Metaspace       used 41504K, committed 42048K, reserved 1114112K
  class space    used 5319K, committed 5504K, reserved 1048576K
}
Event: 6154.187 GC heap after
{Heap after GC invocations=555 (full 545):
 garbage-first heap   total 78848K, used 25705K [0x00000000c0000000, 0x0000000100000000)
  region size 1024K, 0 young (0K), 0 survivors (0K)
 Metaspace       used 41504K, committed 42048K, reserved 1114112K
  class space    used 5319K, committed 5504K, reserved 1048576K
}
Event: 6165.714 GC heap before
{Heap before GC invocations=555 (full 545):
 garbage-first heap   total 78848K, used 25705K [0x00000000c0000000, 0x0000000100000000)
  region size 1024K, 1 young (1024K), 0 survivors (0K)
 Metaspace       used 41504K, committed 42048K, reserved 1114112K
  class space    used 5319K, committed 5504K, reserved 1048576K
}
Event: 6165.763 GC heap after
{Heap after GC invocations=556 (full 546):
 garbage-first heap   total 78848K, used 25705K [0x00000000c0000000, 0x0000000100000000)
  region size 1024K, 0 young (0K), 0 survivors (0K)
 Metaspace       used 41504K, committed 42048K, reserved 1114112K
  class space    used 5319K, committed 5504K, reserved 1048576K
}
Event: 6177.075 GC heap before
{Heap before GC invocations=556 (full 546):
 garbage-first heap   total 78848K, used 25705K [0x00000000c0000000, 0x0000000100000000)
  region size 1024K, 1 young (1024K), 0 survivors (0K)
 Metaspace       used 41504K, committed 42048K, reserved 1114112K
  class space    used 5319K, committed 5504K, reserved 1048576K
}
Event: 6177.124 GC heap after
{Heap after GC invocations=557 (full 547):
 garbage-first heap   total 78848K, used 25705K [0x00000000c0000000, 0x0000000100000000)
  region size 1024K, 0 young (0K), 0 survivors (0K)
 Metaspace       used 41504K, committed 42048K, reserved 1114112K
  class space    used 5319K, committed 5504K, reserved 1048576K
}
Event: 6187.863 GC heap before
{Heap before GC invocations=557 (full 547):
 garbage-first heap   total 78848K, used 25705K [0x00000000c0000000, 0x0000000100000000)
  region size 1024K, 1 young (1024K), 0 survivors (0K)
 Metaspace       used 41504K, committed 42048K, reserved 1114112K
  class space    used 5319K, committed 5504K, reserved 1048576K
}
Event: 6187.910 GC heap after
{Heap after GC invocations=558 (full 548):
 garbage-first heap   total 78848K, used 25705K [0x00000000c0000000, 0x0000000100000000)
  region size 1024K, 0 young (0K), 0 survivors (0K)
 Metaspace       used 41504K, committed 42048K, reserved 1114112K
  class space    used 5319K, committed 5504K, reserved 1048576K
}
Event: 6199.030 GC heap before
{Heap before GC invocations=558 (full 548):
 garbage-first heap   total 78848K, used 25705K [0x00000000c0000000, 0x0000000100000000)
  region size 1024K, 1 young (1024K), 0 survivors (0K)
 Metaspace       used 41504K, committed 42048K, reserved 1114112K
  class space    used 5319K, committed 5504K, reserved 1048576K
}
Event: 6199.079 GC heap after
{Heap after GC invocations=559 (full 549):
 garbage-first heap   total 78848K, used 25705K [0x00000000c0000000, 0x0000000100000000)
  region size 1024K, 0 young (0K), 0 survivors (0K)
 Metaspace       used 41504K, committed 42048K, reserved 1114112K
  class space    used 5319K, committed 5504K, reserved 1048576K
}
Event: 6210.701 GC heap before
{Heap before GC invocations=559 (full 549):
 garbage-first heap   total 78848K, used 25705K [0x00000000c0000000, 0x0000000100000000)
  region size 1024K, 1 young (1024K), 0 survivors (0K)
 Metaspace       used 41504K, committed 42048K, reserved 1114112K
  class space    used 5319K, committed 5504K, reserved 1048576K
}
Event: 6210.766 GC heap after
{Heap after GC invocations=560 (full 550):
 garbage-first heap   total 78848K, used 25705K [0x00000000c0000000, 0x0000000100000000)
  region size 1024K, 0 young (0K), 0 survivors (0K)
 Metaspace       used 41504K, committed 42048K, reserved 1114112K
  class space    used 5319K, committed 5504K, reserved 1048576K
}
Event: 6221.778 GC heap before
{Heap before GC invocations=560 (full 550):
 garbage-first heap   total 78848K, used 25705K [0x00000000c0000000, 0x0000000100000000)
  region size 1024K, 1 young (1024K), 0 survivors (0K)
 Metaspace       used 41504K, committed 42048K, reserved 1114112K
  class space    used 5319K, committed 5504K, reserved 1048576K
}
Event: 6221.837 GC heap after
{Heap after GC invocations=561 (full 551):
 garbage-first heap   total 78848K, used 25705K [0x00000000c0000000, 0x0000000100000000)
  region size 1024K, 0 young (0K), 0 survivors (0K)
 Metaspace       used 41504K, committed 42048K, reserved 1114112K
  class space    used 5319K, committed 5504K, reserved 1048576K
}
Event: 6232.771 GC heap before
{Heap before GC invocations=561 (full 551):
 garbage-first heap   total 78848K, used 25705K [0x00000000c0000000, 0x0000000100000000)
  region size 1024K, 1 young (1024K), 0 survivors (0K)
 Metaspace       used 41504K, committed 42048K, reserved 1114112K
  class space    used 5319K, committed 5504K, reserved 1048576K
}
Event: 6232.821 GC heap after
{Heap after GC invocations=562 (full 552):
 garbage-first heap   total 78848K, used 25705K [0x00000000c0000000, 0x0000000100000000)
  region size 1024K, 0 young (0K), 0 survivors (0K)
 Metaspace       used 41504K, committed 42048K, reserved 1114112K
  class space    used 5319K, committed 5504K, reserved 1048576K
}
Event: 6243.832 GC heap before
{Heap before GC invocations=562 (full 552):
 garbage-first heap   total 78848K, used 25705K [0x00000000c0000000, 0x0000000100000000)
  region size 1024K, 1 young (1024K), 0 survivors (0K)
 Metaspace       used 41504K, committed 42048K, reserved 1114112K
  class space    used 5319K, committed 5504K, reserved 1048576K
}
Event: 6243.882 GC heap after
{Heap after GC invocations=563 (full 553):
 garbage-first heap   total 78848K, used 25705K [0x00000000c0000000, 0x0000000100000000)
  region size 1024K, 0 young (0K), 0 survivors (0K)
 Metaspace       used 41504K, committed 42048K, reserved 1114112K
  class space    used 5319K, committed 5504K, reserved 1048576K
}
Event: 6254.923 GC heap before
{Heap before GC invocations=563 (full 553):
 garbage-first heap   total 78848K, used 25705K [0x00000000c0000000, 0x0000000100000000)
  region size 1024K, 1 young (1024K), 0 survivors (0K)
 Metaspace       used 41504K, committed 42048K, reserved 1114112K
  class space    used 5319K, committed 5504K, reserved 1048576K
}

