# JRE version: OpenJDK Runtime Environment Temurin-17.0.12+7 (17.0.12+7) (build 17.0.12+7)
# Java VM: OpenJDK 64-Bit Server VM Temurin-17.0.12+7 (17.0.12+7, mixed mode, tiered, compressed oops, compressed class ptrs, parallel gc, windows-amd64)
GC Precious Log:
 CPUs: 4 total, 4 available
 Memory: 8173M
 Large Page Support: Disabled
 NUMA Support: Disabled
 Compressed Oops: Enabled (32-bit)
 Alignments: Space 512K, Generation 512K, Heap 2M
 Heap Min Capacity: 100M
 Heap Initial Capacity: 100M
 Heap Max Capacity: 1G
 Pre-touch: Disabled
 Parallel Workers: 4
Heap:
 PSYoungGen      total 12800K, used 12612K [0x00000000eab00000, 0x00000000ebe00000, 0x0000000100000000)
  eden space 6144K, 100% used [0x00000000eab00000,0x00000000eb100000,0x00000000eb100000)
  from space 6656K, 97% used [0x00000000eb100000,0x00000000eb7511a0,0x00000000eb780000)
  to   space 6656K, 0% used [0x00000000eb780000,0x00000000eb780000,0x00000000ebe00000)
 ParOldGen       total 105984K, used 99757K [0x00000000c0000000, 0x00000000c6780000, 0x00000000eab00000)
  object space 105984K, 94% used [0x00000000c0000000,0x00000000c616b7e0,0x00000000c6780000)
 Metaspace       used 68454K, committed 69632K, reserved 1114112K
  class space    used 7192K, committed 7680K, reserved 1048576K
GC Heap History (20 events):
Event: 88.189 GC heap before
{Heap before GC invocations=87 (full 5):
 PSYoungGen      total 13824K, used 13362K [0x00000000eab00000, 0x00000000ebd80000, 0x0000000100000000)
  eden space 8704K, 100% used [0x00000000eab00000,0x00000000eb380000,0x00000000eb380000)
  from space 5120K, 90% used [0x00000000eb380000,0x00000000eb80c8b0,0x00000000eb880000)
  to   space 5120K, 0% used [0x00000000eb880000,0x00000000eb880000,0x00000000ebd80000)
 ParOldGen       total 105984K, used 94493K [0x00000000c0000000, 0x00000000c6780000, 0x00000000eab00000)
  object space 105984K, 89% used [0x00000000c0000000,0x00000000c5c474b8,0x00000000c6780000)
 Metaspace       used 66575K, committed 67840K, reserved 1114112K
  class space    used 7037K, committed 7552K, reserved 1048576K
}
Event: 88.199 GC heap after
{Heap after GC invocations=87 (full 5):
 PSYoungGen      total 13312K, used 4335K [0x00000000eab00000, 0x00000000ebd00000, 0x0000000100000000)
  eden space 8704K, 0% used [0x00000000eab00000,0x00000000eab00000,0x00000000eb380000)
  from space 4608K, 94% used [0x00000000eb880000,0x00000000ebcbbc40,0x00000000ebd00000)
  to   space 4608K, 0% used [0x00000000eb400000,0x00000000eb400000,0x00000000eb880000)
 ParOldGen       total 105984K, used 94894K [0x00000000c0000000, 0x00000000c6780000, 0x00000000eab00000)
  object space 105984K, 89% used [0x00000000c0000000,0x00000000c5cabac8,0x00000000c6780000)
 Metaspace       used 66575K, committed 67840K, reserved 1114112K
  class space    used 7037K, committed 7552K, reserved 1048576K
}
Event: 89.005 GC heap before
{Heap before GC invocations=88 (full 5):
 PSYoungGen      total 13312K, used 13039K [0x00000000eab00000, 0x00000000ebd00000, 0x0000000100000000)
  eden space 8704K, 100% used [0x00000000eab00000,0x00000000eb380000,0x00000000eb380000)
  from space 4608K, 94% used [0x00000000eb880000,0x00000000ebcbbc40,0x00000000ebd00000)
  to   space 4608K, 0% used [0x00000000eb400000,0x00000000eb400000,0x00000000eb880000)
 ParOldGen       total 105984K, used 94894K [0x00000000c0000000, 0x00000000c6780000, 0x00000000eab00000)
  object space 105984K, 89% used [0x00000000c0000000,0x00000000c5cabac8,0x00000000c6780000)
 Metaspace       used 66760K, committed 67968K, reserved 1114112K
  class space    used 7047K, committed 7552K, reserved 1048576K
}
Event: 89.013 GC heap after
{Heap after GC invocations=88 (full 5):
 PSYoungGen      total 13312K, used 4461K [0x00000000eab00000, 0x00000000ebc80000, 0x0000000100000000)
  eden space 8704K, 0% used [0x00000000eab00000,0x00000000eab00000,0x00000000eb380000)
  from space 4608K, 96% used [0x00000000eb400000,0x00000000eb85b530,0x00000000eb880000)
  to   space 4096K, 0% used [0x00000000eb880000,0x00000000eb880000,0x00000000ebc80000)
 ParOldGen       total 105984K, used 95127K [0x00000000c0000000, 0x00000000c6780000, 0x00000000eab00000)
  object space 105984K, 89% used [0x00000000c0000000,0x00000000c5ce5f68,0x00000000c6780000)
 Metaspace       used 66760K, committed 67968K, reserved 1114112K
  class space    used 7047K, committed 7552K, reserved 1048576K
}
Event: 93.065 GC heap before
{Heap before GC invocations=89 (full 5):
 PSYoungGen      total 13312K, used 13159K [0x00000000eab00000, 0x00000000ebc80000, 0x0000000100000000)
  eden space 8704K, 99% used [0x00000000eab00000,0x00000000eb37e800,0x00000000eb380000)
  from space 4608K, 96% used [0x00000000eb400000,0x00000000eb85b530,0x00000000eb880000)
  to   space 4096K, 0% used [0x00000000eb880000,0x00000000eb880000,0x00000000ebc80000)
 ParOldGen       total 105984K, used 95127K [0x00000000c0000000, 0x00000000c6780000, 0x00000000eab00000)
  object space 105984K, 89% used [0x00000000c0000000,0x00000000c5ce5f68,0x00000000c6780000)
 Metaspace       used 67273K, committed 68480K, reserved 1114112K
  class space    used 7098K, committed 7616K, reserved 1048576K
}
Event: 93.076 GC heap after
{Heap after GC invocations=89 (full 5):
 PSYoungGen      total 12800K, used 4093K [0x00000000eab00000, 0x00000000ebd80000, 0x0000000100000000)
  eden space 8704K, 0% used [0x00000000eab00000,0x00000000eab00000,0x00000000eb380000)
  from space 4096K, 99% used [0x00000000eb880000,0x00000000ebc7f548,0x00000000ebc80000)
  to   space 5120K, 0% used [0x00000000eb380000,0x00000000eb380000,0x00000000eb880000)
 ParOldGen       total 105984K, used 95802K [0x00000000c0000000, 0x00000000c6780000, 0x00000000eab00000)
  object space 105984K, 90% used [0x00000000c0000000,0x00000000c5d8e998,0x00000000c6780000)
 Metaspace       used 67273K, committed 68480K, reserved 1114112K
  class space    used 7098K, committed 7616K, reserved 1048576K
}
Event: 95.781 GC heap before
{Heap before GC invocations=90 (full 5):
 PSYoungGen      total 12800K, used 12797K [0x00000000eab00000, 0x00000000ebd80000, 0x0000000100000000)
  eden space 8704K, 100% used [0x00000000eab00000,0x00000000eb380000,0x00000000eb380000)
  from space 4096K, 99% used [0x00000000eb880000,0x00000000ebc7f548,0x00000000ebc80000)
  to   space 5120K, 0% used [0x00000000eb380000,0x00000000eb380000,0x00000000eb880000)
 ParOldGen       total 105984K, used 95802K [0x00000000c0000000, 0x00000000c6780000, 0x00000000eab00000)
  object space 105984K, 90% used [0x00000000c0000000,0x00000000c5d8e998,0x00000000c6780000)
 Metaspace       used 67847K, committed 69056K, reserved 1114112K
  class space    used 7152K, committed 7680K, reserved 1048576K
}
Event: 95.800 GC heap after
{Heap after GC invocations=90 (full 5):
 PSYoungGen      total 13824K, used 5093K [0x00000000eab00000, 0x00000000ebe80000, 0x0000000100000000)
  eden space 8704K, 0% used [0x00000000eab00000,0x00000000eab00000,0x00000000eb380000)
  from space 5120K, 99% used [0x00000000eb380000,0x00000000eb879760,0x00000000eb880000)
  to   space 5632K, 0% used [0x00000000eb900000,0x00000000eb900000,0x00000000ebe80000)
 ParOldGen       total 105984K, used 96298K [0x00000000c0000000, 0x00000000c6780000, 0x00000000eab00000)
  object space 105984K, 90% used [0x00000000c0000000,0x00000000c5e0abc8,0x00000000c6780000)
 Metaspace       used 67847K, committed 69056K, reserved 1114112K
  class space    used 7152K, committed 7680K, reserved 1048576K
}
Event: 96.947 GC heap before
{Heap before GC invocations=91 (full 5):
 PSYoungGen      total 13824K, used 13797K [0x00000000eab00000, 0x00000000ebe80000, 0x0000000100000000)
  eden space 8704K, 100% used [0x00000000eab00000,0x00000000eb380000,0x00000000eb380000)
  from space 5120K, 99% used [0x00000000eb380000,0x00000000eb879760,0x00000000eb880000)
  to   space 5632K, 0% used [0x00000000eb900000,0x00000000eb900000,0x00000000ebe80000)
 ParOldGen       total 105984K, used 96298K [0x00000000c0000000, 0x00000000c6780000, 0x00000000eab00000)
  object space 105984K, 90% used [0x00000000c0000000,0x00000000c5e0abc8,0x00000000c6780000)
 Metaspace       used 67964K, committed 69184K, reserved 1114112K
  class space    used 7154K, committed 7680K, reserved 1048576K
}
Event: 96.973 GC heap after
{Heap after GC invocations=91 (full 5):
 PSYoungGen      total 13312K, used 5621K [0x00000000eab00000, 0x00000000ec080000, 0x0000000100000000)
  eden space 7680K, 0% used [0x00000000eab00000,0x00000000eab00000,0x00000000eb280000)
  from space 5632K, 99% used [0x00000000eb900000,0x00000000ebe7d770,0x00000000ebe80000)
  to   space 6656K, 0% used [0x00000000eb280000,0x00000000eb280000,0x00000000eb900000)
 ParOldGen       total 105984K, used 96722K [0x00000000c0000000, 0x00000000c6780000, 0x00000000eab00000)
  object space 105984K, 91% used [0x00000000c0000000,0x00000000c5e74bc8,0x00000000c6780000)
 Metaspace       used 67964K, committed 69184K, reserved 1114112K
  class space    used 7154K, committed 7680K, reserved 1048576K
}
Event: 97.831 GC heap before
{Heap before GC invocations=92 (full 5):
 PSYoungGen      total 13312K, used 13301K [0x00000000eab00000, 0x00000000ec080000, 0x0000000100000000)
  eden space 7680K, 100% used [0x00000000eab00000,0x00000000eb280000,0x00000000eb280000)
  from space 5632K, 99% used [0x00000000eb900000,0x00000000ebe7d770,0x00000000ebe80000)
  to   space 6656K, 0% used [0x00000000eb280000,0x00000000eb280000,0x00000000eb900000)
 ParOldGen       total 105984K, used 96722K [0x00000000c0000000, 0x00000000c6780000, 0x00000000eab00000)
  object space 105984K, 91% used [0x00000000c0000000,0x00000000c5e74bc8,0x00000000c6780000)
 Metaspace       used 68020K, committed 69248K, reserved 1114112K
  class space    used 7154K, committed 7680K, reserved 1048576K
}
Event: 97.843 GC heap after
{Heap after GC invocations=92 (full 5):
 PSYoungGen      total 13312K, used 5231K [0x00000000eab00000, 0x00000000ebd80000, 0x0000000100000000)
  eden space 7680K, 0% used [0x00000000eab00000,0x00000000eab00000,0x00000000eb280000)
  from space 5632K, 92% used [0x00000000eb280000,0x00000000eb79bf60,0x00000000eb800000)
  to   space 5632K, 0% used [0x00000000eb800000,0x00000000eb800000,0x00000000ebd80000)
 ParOldGen       total 105984K, used 97440K [0x00000000c0000000, 0x00000000c6780000, 0x00000000eab00000)
  object space 105984K, 91% used [0x00000000c0000000,0x00000000c5f28350,0x00000000c6780000)
 Metaspace       used 68020K, committed 69248K, reserved 1114112K
  class space    used 7154K, committed 7680K, reserved 1048576K
}
Event: 98.704 GC heap before
{Heap before GC invocations=93 (full 5):
 PSYoungGen      total 13312K, used 12911K [0x00000000eab00000, 0x00000000ebd80000, 0x0000000100000000)
  eden space 7680K, 100% used [0x00000000eab00000,0x00000000eb280000,0x00000000eb280000)
  from space 5632K, 92% used [0x00000000eb280000,0x00000000eb79bf60,0x00000000eb800000)
  to   space 5632K, 0% used [0x00000000eb800000,0x00000000eb800000,0x00000000ebd80000)
 ParOldGen       total 105984K, used 97440K [0x00000000c0000000, 0x00000000c6780000, 0x00000000eab00000)
  object space 105984K, 91% used [0x00000000c0000000,0x00000000c5f28350,0x00000000c6780000)
 Metaspace       used 68075K, committed 69312K, reserved 1114112K
  class space    used 7154K, committed 7680K, reserved 1048576K
}
Event: 98.717 GC heap after
{Heap after GC invocations=93 (full 5):
 PSYoungGen      total 12800K, used 5617K [0x00000000eab00000, 0x00000000ebe80000, 0x0000000100000000)
  eden space 7168K, 0% used [0x00000000eab00000,0x00000000eab00000,0x00000000eb200000)
  from space 5632K, 99% used [0x00000000eb800000,0x00000000ebd7c540,0x00000000ebd80000)
  to   space 6144K, 0% used [0x00000000eb200000,0x00000000eb200000,0x00000000eb800000)
 ParOldGen       total 105984K, used 97704K [0x00000000c0000000, 0x00000000c6780000, 0x00000000eab00000)
  object space 105984K, 92% used [0x00000000c0000000,0x00000000c5f6a350,0x00000000c6780000)
 Metaspace       used 68075K, committed 69312K, reserved 1114112K
  class space    used 7154K, committed 7680K, reserved 1048576K
}
Event: 99.465 GC heap before
{Heap before GC invocations=94 (full 5):
 PSYoungGen      total 12800K, used 12785K [0x00000000eab00000, 0x00000000ebe80000, 0x0000000100000000)
  eden space 7168K, 100% used [0x00000000eab00000,0x00000000eb200000,0x00000000eb200000)
  from space 5632K, 99% used [0x00000000eb800000,0x00000000ebd7c540,0x00000000ebd80000)
  to   space 6144K, 0% used [0x00000000eb200000,0x00000000eb200000,0x00000000eb800000)
 ParOldGen       total 105984K, used 97704K [0x00000000c0000000, 0x00000000c6780000, 0x00000000eab00000)
  object space 105984K, 92% used [0x00000000c0000000,0x00000000c5f6a350,0x00000000c6780000)
 Metaspace       used 68192K, committed 69440K, reserved 1114112K
  class space    used 7167K, committed 7680K, reserved 1048576K
}
Event: 99.481 GC heap after
{Heap after GC invocations=94 (full 5):
 PSYoungGen      total 12800K, used 5239K [0x00000000eab00000, 0x00000000ebd00000, 0x0000000100000000)
  eden space 7168K, 0% used [0x00000000eab00000,0x00000000eab00000,0x00000000eb200000)
  from space 5632K, 93% used [0x00000000eb200000,0x00000000eb71dd38,0x00000000eb780000)
  to   space 5632K, 0% used [0x00000000eb780000,0x00000000eb780000,0x00000000ebd00000)
 ParOldGen       total 105984K, used 98341K [0x00000000c0000000, 0x00000000c6780000, 0x00000000eab00000)
  object space 105984K, 92% used [0x00000000c0000000,0x00000000c60096b8,0x00000000c6780000)
 Metaspace       used 68192K, committed 69440K, reserved 1114112K
  class space    used 7167K, committed 7680K, reserved 1048576K
}
Event: 99.821 GC heap before
{Heap before GC invocations=95 (full 5):
 PSYoungGen      total 12800K, used 12407K [0x00000000eab00000, 0x00000000ebd00000, 0x0000000100000000)
  eden space 7168K, 100% used [0x00000000eab00000,0x00000000eb200000,0x00000000eb200000)
  from space 5632K, 93% used [0x00000000eb200000,0x00000000eb71dd38,0x00000000eb780000)
  to   space 5632K, 0% used [0x00000000eb780000,0x00000000eb780000,0x00000000ebd00000)
 ParOldGen       total 105984K, used 98341K [0x00000000c0000000, 0x00000000c6780000, 0x00000000eab00000)
  object space 105984K, 92% used [0x00000000c0000000,0x00000000c60096b8,0x00000000c6780000)
 Metaspace       used 68373K, committed 69568K, reserved 1114112K
  class space    used 7190K, committed 7680K, reserved 1048576K
}
Event: 99.839 GC heap after
{Heap after GC invocations=95 (full 5):
 PSYoungGen      total 11776K, used 5607K [0x00000000eab00000, 0x00000000ebf00000, 0x0000000100000000)
  eden space 6144K, 0% used [0x00000000eab00000,0x00000000eab00000,0x00000000eb100000)
  from space 5632K, 99% used [0x00000000eb780000,0x00000000ebcf9c18,0x00000000ebd00000)
  to   space 6656K, 0% used [0x00000000eb100000,0x00000000eb100000,0x00000000eb780000)
 ParOldGen       total 105984K, used 99153K [0x00000000c0000000, 0x00000000c6780000, 0x00000000eab00000)
  object space 105984K, 93% used [0x00000000c0000000,0x00000000c60d46c8,0x00000000c6780000)
 Metaspace       used 68373K, committed 69568K, reserved 1114112K
  class space    used 7190K, committed 7680K, reserved 1048576K
}
Event: 100.173 GC heap before
{Heap before GC invocations=96 (full 5):
 PSYoungGen      total 11776K, used 11751K [0x00000000eab00000, 0x00000000ebf00000, 0x0000000100000000)
  eden space 6144K, 100% used [0x00000000eab00000,0x00000000eb100000,0x00000000eb100000)
  from space 5632K, 99% used [0x00000000eb780000,0x00000000ebcf9c18,0x00000000ebd00000)
  to   space 6656K, 0% used [0x00000000eb100000,0x00000000eb100000,0x00000000eb780000)
 ParOldGen       total 105984K, used 99153K [0x00000000c0000000, 0x00000000c6780000, 0x00000000eab00000)
  object space 105984K, 93% used [0x00000000c0000000,0x00000000c60d46c8,0x00000000c6780000)
 Metaspace       used 68402K, committed 69568K, reserved 1114112K
  class space    used 7190K, committed 7680K, reserved 1048576K
}
Event: 100.194 GC heap after
{Heap after GC invocations=96 (full 5):
 PSYoungGen      total 12800K, used 6468K [0x00000000eab00000, 0x00000000ebe00000, 0x0000000100000000)
  eden space 6144K, 0% used [0x00000000eab00000,0x00000000eab00000,0x00000000eb100000)
  from space 6656K, 97% used [0x00000000eb100000,0x00000000eb7511a0,0x00000000eb780000)
  to   space 6656K, 0% used [0x00000000eb780000,0x00000000eb780000,0x00000000ebe00000)
 ParOldGen       total 105984K, used 99757K [0x00000000c0000000, 0x00000000c6780000, 0x00000000eab00000)
  object space 105984K, 94% used [0x00000000c0000000,0x00000000c616b7e0,0x00000000c6780000)
 Metaspace       used 68402K, committed 69568K, reserved 1114112K
  class space    used 7190K, committed 7680K, reserved 1048576K
}

